Determining if the pthread_create exist failed with the following output:
Change Dir: /home/jinmuyan/catkin_ws/src/ImageIMU_to_rosbag/build/CMakeFiles/CMakeTmp

Run Build Command:/usr/bin/make "cmTryCompileExec343176336/fast"
/usr/bin/make -f CMakeFiles/cmTryCompileExec343176336.dir/build.make CMakeFiles/cmTryCompileExec343176336.dir/build
make[1]: 正在进入目录 `/home/jinmuyan/catkin_ws/src/ImageIMU_to_rosbag/build/CMakeFiles/CMakeTmp'
/usr/bin/cmake -E cmake_progress_report /home/jinmuyan/catkin_ws/src/ImageIMU_to_rosbag/build/CMakeFiles/CMakeTmp/CMakeFiles 1
Building C object CMakeFiles/cmTryCompileExec343176336.dir/CheckSymbolExists.c.o
/usr/bin/cc    -o CMakeFiles/cmTryCompileExec343176336.dir/CheckSymbolExists.c.o   -c /home/jinmuyan/catkin_ws/src/ImageIMU_to_rosbag/build/CMakeFiles/CMakeTmp/CheckSymbolExists.c
Linking C executable cmTryCompileExec343176336
/usr/bin/cmake -E cmake_link_script CMakeFiles/cmTryCompileExec343176336.dir/link.txt --verbose=1
/usr/bin/cc       CMakeFiles/cmTryCompileExec343176336.dir/CheckSymbolExists.c.o  -o cmTryCompileExec343176336 -rdynamic 
CMakeFiles/cmTryCompileExec343176336.dir/CheckSymbolExists.c.o：在函数‘main’中：
CheckSymbolExists.c:(.text+0x16)：对‘pthread_create’未定义的引用
collect2: error: ld returned 1 exit status
make[1]:正在离开目录 `/home/jinmuyan/catkin_ws/src/ImageIMU_to_rosbag/build/CMakeFiles/CMakeTmp'
make[1]: *** [cmTryCompileExec343176336] 错误 1
make: *** [cmTryCompileExec343176336/fast] 错误 2

File /home/jinmuyan/catkin_ws/src/ImageIMU_to_rosbag/build/CMakeFiles/CMakeTmp/CheckSymbolExists.c:
/* */
#include <pthread.h>

int main(int argc, char** argv)
{
  (void)argv;
#ifndef pthread_create
  return ((int*)(&pthread_create))[argc];
#else
  (void)argc;
  return 0;
#endif
}

Determining if the function pthread_create exists in the pthreads failed with the following output:
Change Dir: /home/jinmuyan/catkin_ws/src/ImageIMU_to_rosbag/build/CMakeFiles/CMakeTmp

Run Build Command:/usr/bin/make "cmTryCompileExec3855356115/fast"
/usr/bin/make -f CMakeFiles/cmTryCompileExec3855356115.dir/build.make CMakeFiles/cmTryCompileExec3855356115.dir/build
make[1]: 正在进入目录 `/home/jinmuyan/catkin_ws/src/ImageIMU_to_rosbag/build/CMakeFiles/CMakeTmp'
/usr/bin/cmake -E cmake_progress_report /home/jinmuyan/catkin_ws/src/ImageIMU_to_rosbag/build/CMakeFiles/CMakeTmp/CMakeFiles 1
Building C object CMakeFiles/cmTryCompileExec3855356115.dir/CheckFunctionExists.c.o
/usr/bin/cc   -DCHECK_FUNCTION_EXISTS=pthread_create   -o CMakeFiles/cmTryCompileExec3855356115.dir/CheckFunctionExists.c.o   -c /usr/share/cmake-2.8/Modules/CheckFunctionExists.c
Linking C executable cmTryCompileExec3855356115
/usr/bin/cmake -E cmake_link_script CMakeFiles/cmTryCompileExec3855356115.dir/link.txt --verbose=1
/usr/bin/cc   -DCHECK_FUNCTION_EXISTS=pthread_create    CMakeFiles/cmTryCompileExec3855356115.dir/CheckFunctionExists.c.o  -o cmTryCompileExec3855356115 -rdynamic -lpthreads 
/usr/bin/ld: cannot find -lpthreads
collect2: error: ld returned 1 exit status
make[1]:正在离开目录 `/home/jinmuyan/catkin_ws/src/ImageIMU_to_rosbag/build/CMakeFiles/CMakeTmp'
make[1]: *** [cmTryCompileExec3855356115] 错误 1
make: *** [cmTryCompileExec3855356115/fast] 错误 2


